java.lang.reflect.InvocationTargetException
	at sun.reflect.NativeMethodAccessorImpl.invoke0(Native Method)
	at sun.reflect.NativeMethodAccessorImpl.invoke(NativeMethodAccessorImpl.java:57)
	at sun.reflect.DelegatingMethodAccessorImpl.invoke(DelegatingMethodAccessorImpl.java:43)
	at java.lang.reflect.Method.invoke(Method.java:606)
	at org.skfiy.typhon.startup.Bootstrap.start(Bootstrap.java:96)
	at org.skfiy.typhon.startup.Bootstrap.main(Bootstrap.java:161)
Caused by: org.skfiy.typhon.TyphonException: 查询数据库Version失败
	at org.skfiy.typhon.deploy.DatabaseDeployListener.findVersion(DatabaseDeployListener.java:215)
	at org.skfiy.typhon.deploy.DatabaseDeployListener.execute(DatabaseDeployListener.java:63)
	at org.skfiy.typhon.AbstractLifecycle.fireLifecycleListener(AbstractLifecycle.java:154)
	at org.skfiy.typhon.kernel.StandardServer.startInternal(StandardServer.java:127)
	at org.skfiy.typhon.AbstractLifecycle.start(AbstractLifecycle.java:71)
	at org.skfiy.typhon.startup.Typhon.start(Typhon.java:96)
	... 6 more
Caused by: java.sql.SQLException: Access denied for user 'typhon'@'localhost' (using password: YES)
	at com.mysql.jdbc.SQLError.createSQLException(SQLError.java:1078)
	at com.mysql.jdbc.MysqlIO.checkErrorPacket(MysqlIO.java:4187)
	at com.mysql.jdbc.MysqlIO.checkErrorPacket(MysqlIO.java:4119)
	at com.mysql.jdbc.MysqlIO.checkErrorPacket(MysqlIO.java:927)
	at com.mysql.jdbc.MysqlIO.proceedHandshakeWithPluggableAuthentication(MysqlIO.java:1709)
	at com.mysql.jdbc.MysqlIO.doHandshake(MysqlIO.java:1252)
	at com.mysql.jdbc.ConnectionImpl.coreConnect(ConnectionImpl.java:2483)
	at com.mysql.jdbc.ConnectionImpl.connectOneTryOnly(ConnectionImpl.java:2516)
	at com.mysql.jdbc.ConnectionImpl.createNewIO(ConnectionImpl.java:2301)
	at com.mysql.jdbc.ConnectionImpl.<init>(ConnectionImpl.java:834)
	at com.mysql.jdbc.JDBC4Connection.<init>(JDBC4Connection.java:47)
	at sun.reflect.NativeConstructorAccessorImpl.newInstance0(Native Method)
	at sun.reflect.NativeConstructorAccessorImpl.newInstance(NativeConstructorAccessorImpl.java:57)
	at sun.reflect.DelegatingConstructorAccessorImpl.newInstance(DelegatingConstructorAccessorImpl.java:45)
	at java.lang.reflect.Constructor.newInstance(Constructor.java:526)
	at com.mysql.jdbc.Util.handleNewInstance(Util.java:411)
	at com.mysql.jdbc.ConnectionImpl.getInstance(ConnectionImpl.java:416)
	at com.mysql.jdbc.NonRegisteringDriver.connect(NonRegisteringDriver.java:346)
	at java.sql.DriverManager.getConnection(DriverManager.java:571)
	at java.sql.DriverManager.getConnection(DriverManager.java:215)
	at org.skfiy.typhon.database.SimpleConnectionProvider.getConnection(SimpleConnectionProvider.java:87)
	at org.skfiy.typhon.deploy.DatabaseDeployListener.findVersion(DatabaseDeployListener.java:204)
	... 11 more
